[2022-05-04 14:38:05:673 ] [32m[main][0;39m [34mINFO [0;39m [1;37m[org.springframework.boot.StartupInfoLogger.logStarting:[33m55[0;39m][0;39m - Starting Slf4jLogbackLabApplication using Java 16.0.1 on LAPTOP-U4K7H5SI with PID 19540 (C:\Users\82109\IdeaProjects\slf4j-logback-lab\build\classes\java\main started by 82109 in C:\Users\82109\IdeaProjects\slf4j-logback-lab)
[2022-05-04 14:38:05:677 ] [32m[main][0;39m [34mINFO [0;39m [1;37m[org.springframework.boot.SpringApplication.logStartupProfileInfo:[33m663[0;39m][0;39m - The following profiles are active: prod
[2022-05-04 14:38:05:1304] [32m[main][0;39m [34mINFO [0;39m [1;37m[org.springframework.data.repository.config.RepositoryConfigurationDelegate.registerRepositoriesIn:[33m132[0;39m][0;39m - Bootstrapping Spring Data JPA repositories in DEFAULT mode.
[2022-05-04 14:38:05:1380] [32m[main][0;39m [34mINFO [0;39m [1;37m[org.springframework.data.repository.config.RepositoryConfigurationDelegate.registerRepositoriesIn:[33m201[0;39m][0;39m - Finished Spring Data repository scanning in 60 ms. Found 2 JPA repository interfaces.
[2022-05-04 14:38:06:1821] [32m[main][0;39m [34mINFO [0;39m [1;37m[org.springframework.boot.web.embedded.tomcat.TomcatWebServer.initialize:[33m108[0;39m][0;39m - Tomcat initialized with port(s): 8080 (http)
[2022-05-04 14:38:06:1830] [32m[main][0;39m [34mINFO [0;39m [1;37m[org.apache.juli.logging.DirectJDKLog.log:[33m173[0;39m][0;39m - Initializing ProtocolHandler ["http-nio-8080"]
[2022-05-04 14:38:06:1830] [32m[main][0;39m [34mINFO [0;39m [1;37m[org.apache.juli.logging.DirectJDKLog.log:[33m173[0;39m][0;39m - Starting service [Tomcat]
[2022-05-04 14:38:06:1830] [32m[main][0;39m [34mINFO [0;39m [1;37m[org.apache.juli.logging.DirectJDKLog.log:[33m173[0;39m][0;39m - Starting Servlet engine: [Apache Tomcat/9.0.48]
[2022-05-04 14:38:06:1961] [32m[main][0;39m [34mINFO [0;39m [1;37m[org.apache.juli.logging.DirectJDKLog.log:[33m173[0;39m][0;39m - Initializing Spring embedded WebApplicationContext
[2022-05-04 14:38:06:1961] [32m[main][0;39m [34mINFO [0;39m [1;37m[org.springframework.boot.web.servlet.context.ServletWebServerApplicationContext.prepareWebApplicationContext:[33m290[0;39m][0;39m - Root WebApplicationContext: initialization completed in 1234 ms
[2022-05-04 14:38:06:1989] [32m[main][0;39m [34mINFO [0;39m [1;37m[com.zaxxer.hikari.HikariDataSource.getConnection:[33m110[0;39m][0;39m - HikariPool-1 - Starting...
[2022-05-04 14:38:06:2087] [32m[main][0;39m [34mINFO [0;39m [1;37m[com.zaxxer.hikari.HikariDataSource.getConnection:[33m123[0;39m][0;39m - HikariPool-1 - Start completed.
[2022-05-04 14:38:06:2092] [32m[main][0;39m [34mINFO [0;39m [1;37m[org.springframework.boot.autoconfigure.h2.H2ConsoleAutoConfiguration.lambda$h2Console$0:[33m68[0;39m][0;39m - H2 console available at '/h2-console'. Database available at 'jdbc:h2:mem:localdb'
[2022-05-04 14:38:06:2217] [32m[main][0;39m [34mINFO [0;39m [1;37m[org.hibernate.jpa.internal.util.LogHelper.logPersistenceUnitInformation:[33m31[0;39m][0;39m - HHH000204: Processing PersistenceUnitInfo [name: default]
[2022-05-04 14:38:06:2258] [32m[main][0;39m [34mINFO [0;39m [1;37m[org.hibernate.Version.logVersion:[33m44[0;39m][0;39m - HHH000412: Hibernate ORM core version 5.4.32.Final
[2022-05-04 14:38:06:2361] [32m[main][0;39m [34mINFO [0;39m [1;37m[org.hibernate.annotations.common.reflection.java.JavaReflectionManager.<clinit>:[33m56[0;39m][0;39m - HCANN000001: Hibernate Commons Annotations {5.1.2.Final}
[2022-05-04 14:38:07:2474] [32m[main][0;39m [34mINFO [0;39m [1;37m[org.hibernate.dialect.Dialect.<init>:[33m175[0;39m][0;39m - HHH000400: Using dialect: org.hibernate.dialect.H2Dialect
[2022-05-04 14:38:07:3027] [32m[main][0;39m [34mINFO [0;39m [1;37m[org.hibernate.engine.transaction.jta.platform.internal.JtaPlatformInitiator.initiateService:[33m52[0;39m][0;39m - HHH000490: Using JtaPlatform implementation: [org.hibernate.engine.transaction.jta.platform.internal.NoJtaPlatform]
[2022-05-04 14:38:07:3036] [32m[main][0;39m [34mINFO [0;39m [1;37m[org.springframework.orm.jpa.AbstractEntityManagerFactoryBean.buildNativeEntityManagerFactory:[33m437[0;39m][0;39m - Initialized JPA EntityManagerFactory for persistence unit 'default'
[2022-05-04 14:38:08:3645] [32m[main][0;39m [34mINFO [0;39m [1;37m[org.apache.juli.logging.DirectJDKLog.log:[33m173[0;39m][0;39m - Starting ProtocolHandler ["http-nio-8080"]
[2022-05-04 14:38:08:3681] [32m[main][0;39m [34mINFO [0;39m [1;37m[org.springframework.boot.web.embedded.tomcat.TomcatWebServer.start:[33m220[0;39m][0;39m - Tomcat started on port(s): 8080 (http) with context path ''
[2022-05-04 14:38:08:3692] [32m[main][0;39m [34mINFO [0;39m [1;37m[org.springframework.boot.StartupInfoLogger.logStarted:[33m61[0;39m][0;39m - Started Slf4jLogbackLabApplication in 3.538 seconds (JVM running for 4.469)
[2022-05-04 14:39:34:90391] [32m[http-nio-8080-exec-1][0;39m [34mINFO [0;39m [1;37m[org.apache.juli.logging.DirectJDKLog.log:[33m173[0;39m][0;39m - Initializing Spring DispatcherServlet 'dispatcherServlet'
[2022-05-04 14:39:34:90392] [32m[http-nio-8080-exec-1][0;39m [34mINFO [0;39m [1;37m[org.springframework.web.servlet.FrameworkServlet.initServletBean:[33m525[0;39m][0;39m - Initializing Servlet 'dispatcherServlet'
[2022-05-04 14:39:34:90393] [32m[http-nio-8080-exec-1][0;39m [34mINFO [0;39m [1;37m[org.springframework.web.servlet.FrameworkServlet.initServletBean:[33m547[0;39m][0;39m - Completed initialization in 1 ms
[2022-05-04 14:39:53:109370] [32m[SpringApplicationShutdownHook][0;39m [34mINFO [0;39m [1;37m[org.springframework.orm.jpa.AbstractEntityManagerFactoryBean.destroy:[33m651[0;39m][0;39m - Closing JPA EntityManagerFactory for persistence unit 'default'
[2022-05-04 14:39:53:109371] [32m[SpringApplicationShutdownHook][0;39m [34mINFO [0;39m [1;37m[org.hibernate.tool.schema.internal.SchemaDropperImpl$DelayedDropActionImpl.perform:[33m526[0;39m][0;39m - HHH000477: Starting delayed evictData of schema as part of SessionFactory shut-down'
[2022-05-04 14:39:53:109378] [32m[SpringApplicationShutdownHook][0;39m [34mINFO [0;39m [1;37m[com.zaxxer.hikari.HikariDataSource.close:[33m350[0;39m][0;39m - HikariPool-1 - Shutdown initiated...
[2022-05-04 14:39:53:109382] [32m[SpringApplicationShutdownHook][0;39m [34mINFO [0;39m [1;37m[com.zaxxer.hikari.HikariDataSource.close:[33m352[0;39m][0;39m - HikariPool-1 - Shutdown completed.
[2022-05-04 14:40:12:1001] [32m[Test worker][0;39m [34mINFO [0;39m [1;37m[org.springframework.boot.StartupInfoLogger.logStarting:[33m55[0;39m][0;39m - Starting TeamServiceTest using Java 16.0.1 on LAPTOP-U4K7H5SI with PID 23332 (started by 82109 in C:\Users\82109\IdeaProjects\slf4j-logback-lab)
[2022-05-04 14:40:12:1003] [32m[Test worker][0;39m [34mINFO [0;39m [1;37m[org.springframework.boot.SpringApplication.logStartupProfileInfo:[33m663[0;39m][0;39m - The following profiles are active: prod
[2022-05-04 14:40:13:1933] [32m[Test worker][0;39m [34mINFO [0;39m [1;37m[org.springframework.data.repository.config.RepositoryConfigurationDelegate.registerRepositoriesIn:[33m132[0;39m][0;39m - Bootstrapping Spring Data JPA repositories in DEFAULT mode.
[2022-05-04 14:40:13:2025] [32m[Test worker][0;39m [34mINFO [0;39m [1;37m[org.springframework.data.repository.config.RepositoryConfigurationDelegate.registerRepositoriesIn:[33m201[0;39m][0;39m - Finished Spring Data repository scanning in 74 ms. Found 2 JPA repository interfaces.
[2022-05-04 14:40:14:2882] [32m[Test worker][0;39m [34mINFO [0;39m [1;37m[org.hibernate.jpa.internal.util.LogHelper.logPersistenceUnitInformation:[33m31[0;39m][0;39m - HHH000204: Processing PersistenceUnitInfo [name: default]
[2022-05-04 14:40:14:2997] [32m[Test worker][0;39m [34mINFO [0;39m [1;37m[org.hibernate.Version.logVersion:[33m44[0;39m][0;39m - HHH000412: Hibernate ORM core version 5.4.32.Final
[2022-05-04 14:40:15:3205] [32m[Test worker][0;39m [34mINFO [0;39m [1;37m[org.hibernate.annotations.common.reflection.java.JavaReflectionManager.<clinit>:[33m56[0;39m][0;39m - HCANN000001: Hibernate Commons Annotations {5.1.2.Final}
[2022-05-04 14:40:15:3407] [32m[Test worker][0;39m [34mINFO [0;39m [1;37m[com.zaxxer.hikari.HikariDataSource.getConnection:[33m110[0;39m][0;39m - HikariPool-1 - Starting...
[2022-05-04 14:40:15:3694] [32m[Test worker][0;39m [34mINFO [0;39m [1;37m[com.zaxxer.hikari.HikariDataSource.getConnection:[33m123[0;39m][0;39m - HikariPool-1 - Start completed.
[2022-05-04 14:40:15:3744] [32m[Test worker][0;39m [34mINFO [0;39m [1;37m[org.hibernate.dialect.Dialect.<init>:[33m175[0;39m][0;39m - HHH000400: Using dialect: org.hibernate.dialect.H2Dialect
[2022-05-04 14:40:16:4647] [32m[Test worker][0;39m [34mINFO [0;39m [1;37m[org.hibernate.engine.transaction.jta.platform.internal.JtaPlatformInitiator.initiateService:[33m52[0;39m][0;39m - HHH000490: Using JtaPlatform implementation: [org.hibernate.engine.transaction.jta.platform.internal.NoJtaPlatform]
[2022-05-04 14:40:16:4661] [32m[Test worker][0;39m [34mINFO [0;39m [1;37m[org.springframework.orm.jpa.AbstractEntityManagerFactoryBean.buildNativeEntityManagerFactory:[33m437[0;39m][0;39m - Initialized JPA EntityManagerFactory for persistence unit 'default'
[2022-05-04 14:40:18:6281] [32m[Test worker][0;39m [34mINFO [0;39m [1;37m[org.springframework.boot.autoconfigure.h2.H2ConsoleAutoConfiguration.lambda$h2Console$0:[33m68[0;39m][0;39m - H2 console available at '/h2-console'. Database available at 'jdbc:h2:mem:localdb'
[2022-05-04 14:40:18:6835] [32m[Test worker][0;39m [34mINFO [0;39m [1;37m[org.springframework.boot.StartupInfoLogger.logStarted:[33m61[0;39m][0;39m - Started TeamServiceTest in 6.346 seconds (JVM running for 7.881)
[2022-05-04 14:40:18:6890] [32m[Test worker][0;39m [34mINFO [0;39m [1;37m[org.springframework.test.context.transaction.TransactionContext.startTransaction:[33m107[0;39m][0;39m - Began transaction (1) for test context [DefaultTestContext@5d5487f testClass = TeamServiceTest, testInstance = com.livenow.slf4jlogbacklab.service.TeamServiceTest@419b7a36, testMethod = addMember@TeamServiceTest, testException = [null], mergedContextConfiguration = [WebMergedContextConfiguration@21cd316e testClass = TeamServiceTest, locations = '{}', classes = '{class com.livenow.slf4jlogbacklab.Slf4jLogbackLabApplication}', contextInitializerClasses = '[]', activeProfiles = '{}', propertySourceLocations = '{}', propertySourceProperties = '{org.springframework.boot.test.context.SpringBootTestContextBootstrapper=true}', contextCustomizers = set[org.springframework.boot.test.autoconfigure.actuate.metrics.MetricsExportContextCustomizerFactory$DisableMetricExportContextCustomizer@5a86104d, org.springframework.boot.test.autoconfigure.properties.PropertyMappingContextCustomizer@0, org.springframework.boot.test.autoconfigure.web.servlet.WebDriverContextCustomizerFactory$Customizer@4d951879, org.springframework.boot.test.context.filter.ExcludeFilterContextCustomizer@e99d8ae, org.springframework.boot.test.json.DuplicateJsonObjectContextCustomizerFactory$DuplicateJsonObjectContextCustomizer@786c8264, org.springframework.boot.test.mock.mockito.MockitoContextCustomizer@0, org.springframework.boot.test.web.client.TestRestTemplateContextCustomizer@58e1a6e8, org.springframework.boot.test.context.SpringBootTestArgs@1, org.springframework.boot.test.context.SpringBootTestWebEnvironment@5f1d1958], resourceBasePath = 'src/main/webapp', contextLoader = 'org.springframework.boot.test.context.SpringBootContextLoader', parent = [null]], attributes = map['org.springframework.test.context.web.ServletTestExecutionListener.activateListener' -> true, 'org.springframework.test.context.web.ServletTestExecutionListener.populatedRequestContextHolder' -> true, 'org.springframework.test.context.web.ServletTestExecutionListener.resetRequestContextHolder' -> true, 'org.springframework.test.context.event.ApplicationEventsTestExecutionListener.recordApplicationEvents' -> false]]; transaction manager [org.springframework.orm.jpa.JpaTransactionManager@731398a]; rollback [true]
[2022-05-04 14:40:19:7462] [32m[Test worker][0;39m [34mINFO [0;39m [1;37m[org.springframework.test.context.transaction.TransactionContext.endTransaction:[33m139[0;39m][0;39m - Rolled back transaction for test: [DefaultTestContext@5d5487f testClass = TeamServiceTest, testInstance = com.livenow.slf4jlogbacklab.service.TeamServiceTest@419b7a36, testMethod = addMember@TeamServiceTest, testException = [null], mergedContextConfiguration = [WebMergedContextConfiguration@21cd316e testClass = TeamServiceTest, locations = '{}', classes = '{class com.livenow.slf4jlogbacklab.Slf4jLogbackLabApplication}', contextInitializerClasses = '[]', activeProfiles = '{}', propertySourceLocations = '{}', propertySourceProperties = '{org.springframework.boot.test.context.SpringBootTestContextBootstrapper=true}', contextCustomizers = set[org.springframework.boot.test.autoconfigure.actuate.metrics.MetricsExportContextCustomizerFactory$DisableMetricExportContextCustomizer@5a86104d, org.springframework.boot.test.autoconfigure.properties.PropertyMappingContextCustomizer@0, org.springframework.boot.test.autoconfigure.web.servlet.WebDriverContextCustomizerFactory$Customizer@4d951879, org.springframework.boot.test.context.filter.ExcludeFilterContextCustomizer@e99d8ae, org.springframework.boot.test.json.DuplicateJsonObjectContextCustomizerFactory$DuplicateJsonObjectContextCustomizer@786c8264, org.springframework.boot.test.mock.mockito.MockitoContextCustomizer@0, org.springframework.boot.test.web.client.TestRestTemplateContextCustomizer@58e1a6e8, org.springframework.boot.test.context.SpringBootTestArgs@1, org.springframework.boot.test.context.SpringBootTestWebEnvironment@5f1d1958], resourceBasePath = 'src/main/webapp', contextLoader = 'org.springframework.boot.test.context.SpringBootContextLoader', parent = [null]], attributes = map['org.springframework.test.context.web.ServletTestExecutionListener.activateListener' -> true, 'org.springframework.test.context.web.ServletTestExecutionListener.populatedRequestContextHolder' -> true, 'org.springframework.test.context.web.ServletTestExecutionListener.resetRequestContextHolder' -> true, 'org.springframework.test.context.event.ApplicationEventsTestExecutionListener.recordApplicationEvents' -> false]]
[2022-05-04 14:40:19:7474] [32m[Test worker][0;39m [34mINFO [0;39m [1;37m[org.springframework.test.context.support.AbstractTestContextBootstrapper.buildDefaultMergedContextConfiguration:[33m305[0;39m][0;39m - Neither @ContextConfiguration nor @ContextHierarchy found for test class [com.livenow.slf4jlogbacklab.Slf4jLogbackLabApplicationTests], using SpringBootContextLoader
[2022-05-04 14:40:19:7476] [32m[Test worker][0;39m [34mINFO [0;39m [1;37m[org.springframework.test.context.support.AbstractContextLoader.generateDefaultLocations:[33m264[0;39m][0;39m - Could not detect default resource locations for test class [com.livenow.slf4jlogbacklab.Slf4jLogbackLabApplicationTests]: no resource found for suffixes {-context.xml, Context.groovy}.
[2022-05-04 14:40:19:7477] [32m[Test worker][0;39m [34mINFO [0;39m [1;37m[org.springframework.test.context.support.AnnotationConfigContextLoaderUtils.detectDefaultConfigurationClasses:[33m83[0;39m][0;39m - Could not detect default configuration classes for test class [com.livenow.slf4jlogbacklab.Slf4jLogbackLabApplicationTests]: Slf4jLogbackLabApplicationTests does not declare any static, non-private, non-final, nested classes annotated with @Configuration.
[2022-05-04 14:40:19:7485] [32m[Test worker][0;39m [34mINFO [0;39m [1;37m[org.springframework.boot.test.context.SpringBootTestContextBootstrapper.getOrFindConfigurationClasses:[33m238[0;39m][0;39m - Found @SpringBootConfiguration com.livenow.slf4jlogbacklab.Slf4jLogbackLabApplication for test class com.livenow.slf4jlogbacklab.Slf4jLogbackLabApplicationTests
[2022-05-04 14:40:19:7489] [32m[Test worker][0;39m [34mINFO [0;39m [1;37m[org.springframework.test.context.support.AbstractTestContextBootstrapper.getDefaultTestExecutionListenerClassNames:[33m245[0;39m][0;39m - Loaded default TestExecutionListener class names from location [META-INF/spring.factories]: [org.springframework.boot.test.autoconfigure.restdocs.RestDocsTestExecutionListener, org.springframework.boot.test.autoconfigure.web.client.MockRestServiceServerResetTestExecutionListener, org.springframework.boot.test.autoconfigure.web.servlet.MockMvcPrintOnlyOnFailureTestExecutionListener, org.springframework.boot.test.autoconfigure.web.servlet.WebDriverTestExecutionListener, org.springframework.boot.test.autoconfigure.webservices.client.MockWebServiceServerTestExecutionListener, org.springframework.boot.test.mock.mockito.MockitoTestExecutionListener, org.springframework.boot.test.mock.mockito.ResetMocksTestExecutionListener, org.springframework.test.context.web.ServletTestExecutionListener, org.springframework.test.context.support.DirtiesContextBeforeModesTestExecutionListener, org.springframework.test.context.event.ApplicationEventsTestExecutionListener, org.springframework.test.context.support.DependencyInjectionTestExecutionListener, org.springframework.test.context.support.DirtiesContextTestExecutionListener, org.springframework.test.context.transaction.TransactionalTestExecutionListener, org.springframework.test.context.jdbc.SqlScriptsTestExecutionListener, org.springframework.test.context.event.EventPublishingTestExecutionListener]
[2022-05-04 14:40:19:7490] [32m[Test worker][0;39m [34mINFO [0;39m [1;37m[org.springframework.test.context.support.AbstractTestContextBootstrapper.getTestExecutionListeners:[33m174[0;39m][0;39m - Using TestExecutionListeners: [org.springframework.test.context.web.ServletTestExecutionListener@5910ff7, org.springframework.test.context.support.DirtiesContextBeforeModesTestExecutionListener@253d03c7, org.springframework.test.context.event.ApplicationEventsTestExecutionListener@25489850, org.springframework.boot.test.mock.mockito.MockitoTestExecutionListener@6c808075, org.springframework.boot.test.autoconfigure.SpringBootDependencyInjectionTestExecutionListener@61e3d4a5, org.springframework.test.context.support.DirtiesContextTestExecutionListener@2c8dd065, org.springframework.test.context.transaction.TransactionalTestExecutionListener@4d6657bc, org.springframework.test.context.jdbc.SqlScriptsTestExecutionListener@258de54d, org.springframework.test.context.event.EventPublishingTestExecutionListener@5a344ba5, org.springframework.boot.test.autoconfigure.restdocs.RestDocsTestExecutionListener@18f8b67e, org.springframework.boot.test.autoconfigure.web.client.MockRestServiceServerResetTestExecutionListener@67dcc96a, org.springframework.boot.test.autoconfigure.web.servlet.MockMvcPrintOnlyOnFailureTestExecutionListener@2db1ef51, org.springframework.boot.test.autoconfigure.web.servlet.WebDriverTestExecutionListener@5520f021, org.springframework.boot.test.autoconfigure.webservices.client.MockWebServiceServerTestExecutionListener@836f7bd, org.springframework.boot.test.mock.mockito.ResetMocksTestExecutionListener@920f848]
[2022-05-04 14:40:19:7510] [32m[SpringApplicationShutdownHook][0;39m [34mINFO [0;39m [1;37m[org.springframework.orm.jpa.AbstractEntityManagerFactoryBean.destroy:[33m651[0;39m][0;39m - Closing JPA EntityManagerFactory for persistence unit 'default'
[2022-05-04 14:40:19:7511] [32m[SpringApplicationShutdownHook][0;39m [34mINFO [0;39m [1;37m[org.hibernate.tool.schema.internal.SchemaDropperImpl$DelayedDropActionImpl.perform:[33m526[0;39m][0;39m - HHH000477: Starting delayed evictData of schema as part of SessionFactory shut-down'
[2022-05-04 14:40:19:7520] [32m[SpringApplicationShutdownHook][0;39m [34mINFO [0;39m [1;37m[com.zaxxer.hikari.HikariDataSource.close:[33m350[0;39m][0;39m - HikariPool-1 - Shutdown initiated...
[2022-05-04 14:40:19:7523] [32m[SpringApplicationShutdownHook][0;39m [34mINFO [0;39m [1;37m[com.zaxxer.hikari.HikariDataSource.close:[33m352[0;39m][0;39m - HikariPool-1 - Shutdown completed.
[2022-05-04 14:40:53:1748] [32m[main][0;39m [34mINFO [0;39m [1;37m[org.springframework.boot.StartupInfoLogger.logStarting:[33m55[0;39m][0;39m - Starting Slf4jLogbackLabApplication using Java 16.0.2 on LAPTOP-U4K7H5SI with PID 33524 (C:\Users\82109\IdeaProjects\slf4j-logback-lab\build\libs\slf4j-logback-lab-0.0.1-SNAPSHOT.jar started by 82109 in C:\Users\82109\IdeaProjects\slf4j-logback-lab)
[2022-05-04 14:40:53:1752] [32m[main][0;39m [34mINFO [0;39m [1;37m[org.springframework.boot.SpringApplication.logStartupProfileInfo:[33m663[0;39m][0;39m - The following profiles are active: prod
[2022-05-04 14:40:55:3555] [32m[main][0;39m [34mINFO [0;39m [1;37m[org.springframework.data.repository.config.RepositoryConfigurationDelegate.registerRepositoriesIn:[33m132[0;39m][0;39m - Bootstrapping Spring Data JPA repositories in DEFAULT mode.
[2022-05-04 14:40:55:3734] [32m[main][0;39m [34mINFO [0;39m [1;37m[org.springframework.data.repository.config.RepositoryConfigurationDelegate.registerRepositoriesIn:[33m201[0;39m][0;39m - Finished Spring Data repository scanning in 156 ms. Found 2 JPA repository interfaces.
[2022-05-04 14:40:56:4941] [32m[main][0;39m [34mINFO [0;39m [1;37m[org.springframework.boot.web.embedded.tomcat.TomcatWebServer.initialize:[33m108[0;39m][0;39m - Tomcat initialized with port(s): 8080 (http)
[2022-05-04 14:40:56:4958] [32m[main][0;39m [34mINFO [0;39m [1;37m[org.apache.juli.logging.DirectJDKLog.log:[33m173[0;39m][0;39m - Initializing ProtocolHandler ["http-nio-8080"]
[2022-05-04 14:40:56:4959] [32m[main][0;39m [34mINFO [0;39m [1;37m[org.apache.juli.logging.DirectJDKLog.log:[33m173[0;39m][0;39m - Starting service [Tomcat]
[2022-05-04 14:40:56:4960] [32m[main][0;39m [34mINFO [0;39m [1;37m[org.apache.juli.logging.DirectJDKLog.log:[33m173[0;39m][0;39m - Starting Servlet engine: [Apache Tomcat/9.0.48]
[2022-05-04 14:40:57:5089] [32m[main][0;39m [34mINFO [0;39m [1;37m[org.apache.juli.logging.DirectJDKLog.log:[33m173[0;39m][0;39m - Initializing Spring embedded WebApplicationContext
[2022-05-04 14:40:57:5090] [32m[main][0;39m [34mINFO [0;39m [1;37m[org.springframework.boot.web.servlet.context.ServletWebServerApplicationContext.prepareWebApplicationContext:[33m290[0;39m][0;39m - Root WebApplicationContext: initialization completed in 3236 ms
[2022-05-04 14:40:57:5152] [32m[main][0;39m [34mINFO [0;39m [1;37m[com.zaxxer.hikari.HikariDataSource.getConnection:[33m110[0;39m][0;39m - HikariPool-1 - Starting...
[2022-05-04 14:40:57:5571] [32m[main][0;39m [34mINFO [0;39m [1;37m[com.zaxxer.hikari.HikariDataSource.getConnection:[33m123[0;39m][0;39m - HikariPool-1 - Start completed.
[2022-05-04 14:40:57:5580] [32m[main][0;39m [34mINFO [0;39m [1;37m[org.springframework.boot.autoconfigure.h2.H2ConsoleAutoConfiguration.lambda$h2Console$0:[33m68[0;39m][0;39m - H2 console available at '/h2-console'. Database available at 'jdbc:h2:mem:localdb'
[2022-05-04 14:40:57:6010] [32m[main][0;39m [34mINFO [0;39m [1;37m[org.hibernate.jpa.internal.util.LogHelper.logPersistenceUnitInformation:[33m31[0;39m][0;39m - HHH000204: Processing PersistenceUnitInfo [name: default]
[2022-05-04 14:40:58:6155] [32m[main][0;39m [34mINFO [0;39m [1;37m[org.hibernate.Version.logVersion:[33m44[0;39m][0;39m - HHH000412: Hibernate ORM core version 5.4.32.Final
[2022-05-04 14:40:58:6568] [32m[main][0;39m [34mINFO [0;39m [1;37m[org.hibernate.annotations.common.reflection.java.JavaReflectionManager.<clinit>:[33m56[0;39m][0;39m - HCANN000001: Hibernate Commons Annotations {5.1.2.Final}
[2022-05-04 14:40:58:6900] [32m[main][0;39m [34mINFO [0;39m [1;37m[org.hibernate.dialect.Dialect.<init>:[33m175[0;39m][0;39m - HHH000400: Using dialect: org.hibernate.dialect.H2Dialect
[2022-05-04 14:41:00:8162] [32m[main][0;39m [34mINFO [0;39m [1;37m[org.hibernate.engine.transaction.jta.platform.internal.JtaPlatformInitiator.initiateService:[33m52[0;39m][0;39m - HHH000490: Using JtaPlatform implementation: [org.hibernate.engine.transaction.jta.platform.internal.NoJtaPlatform]
[2022-05-04 14:41:00:8180] [32m[main][0;39m [34mINFO [0;39m [1;37m[org.springframework.orm.jpa.AbstractEntityManagerFactoryBean.buildNativeEntityManagerFactory:[33m437[0;39m][0;39m - Initialized JPA EntityManagerFactory for persistence unit 'default'
[2022-05-04 14:41:01:9946] [32m[main][0;39m [34mINFO [0;39m [1;37m[org.apache.juli.logging.DirectJDKLog.log:[33m173[0;39m][0;39m - Starting ProtocolHandler ["http-nio-8080"]
[2022-05-04 14:41:02:10027] [32m[main][0;39m [34mINFO [0;39m [1;37m[org.springframework.boot.web.embedded.tomcat.TomcatWebServer.start:[33m220[0;39m][0;39m - Tomcat started on port(s): 8080 (http) with context path ''
[2022-05-04 14:41:02:10045] [32m[main][0;39m [34mINFO [0;39m [1;37m[org.springframework.boot.StartupInfoLogger.logStarted:[33m61[0;39m][0;39m - Started Slf4jLogbackLabApplication in 9.533 seconds (JVM running for 10.466)
[2022-05-04 14:41:23:31611] [32m[http-nio-8080-exec-1][0;39m [34mINFO [0;39m [1;37m[org.apache.juli.logging.DirectJDKLog.log:[33m173[0;39m][0;39m - Initializing Spring DispatcherServlet 'dispatcherServlet'
[2022-05-04 14:41:23:31612] [32m[http-nio-8080-exec-1][0;39m [34mINFO [0;39m [1;37m[org.springframework.web.servlet.FrameworkServlet.initServletBean:[33m525[0;39m][0;39m - Initializing Servlet 'dispatcherServlet'
[2022-05-04 14:41:23:31614] [32m[http-nio-8080-exec-1][0;39m [34mINFO [0;39m [1;37m[org.springframework.web.servlet.FrameworkServlet.initServletBean:[33m547[0;39m][0;39m - Completed initialization in 1 ms
[2022-05-04 14:42:08:76843] [32m[SpringApplicationShutdownHook][0;39m [34mINFO [0;39m [1;37m[org.springframework.orm.jpa.AbstractEntityManagerFactoryBean.destroy:[33m651[0;39m][0;39m - Closing JPA EntityManagerFactory for persistence unit 'default'
[2022-05-04 14:42:08:76844] [32m[SpringApplicationShutdownHook][0;39m [34mINFO [0;39m [1;37m[org.hibernate.tool.schema.internal.SchemaDropperImpl$DelayedDropActionImpl.perform:[33m526[0;39m][0;39m - HHH000477: Starting delayed evictData of schema as part of SessionFactory shut-down'
[2022-05-04 14:42:08:76852] [32m[SpringApplicationShutdownHook][0;39m [34mINFO [0;39m [1;37m[com.zaxxer.hikari.HikariDataSource.close:[33m350[0;39m][0;39m - HikariPool-1 - Shutdown initiated...
[2022-05-04 14:42:08:76856] [32m[SpringApplicationShutdownHook][0;39m [34mINFO [0;39m [1;37m[com.zaxxer.hikari.HikariDataSource.close:[33m352[0;39m][0;39m - HikariPool-1 - Shutdown completed.
[2022-05-04 14:42:12:1696] [32m[main][0;39m [34mINFO [0;39m [1;37m[org.springframework.boot.StartupInfoLogger.logStarting:[33m55[0;39m][0;39m - Starting Slf4jLogbackLabApplication using Java 16.0.2 on LAPTOP-U4K7H5SI with PID 11272 (C:\Users\82109\IdeaProjects\slf4j-logback-lab\build\libs\slf4j-logback-lab-0.0.1-SNAPSHOT.jar started by 82109 in C:\Users\82109\IdeaProjects\slf4j-logback-lab)
[2022-05-04 14:42:12:1702] [32m[main][0;39m [34mINFO [0;39m [1;37m[org.springframework.boot.SpringApplication.logStartupProfileInfo:[33m663[0;39m][0;39m - The following profiles are active: prod
[2022-05-04 14:42:14:3519] [32m[main][0;39m [34mINFO [0;39m [1;37m[org.springframework.data.repository.config.RepositoryConfigurationDelegate.registerRepositoriesIn:[33m132[0;39m][0;39m - Bootstrapping Spring Data JPA repositories in DEFAULT mode.
[2022-05-04 14:42:14:3702] [32m[main][0;39m [34mINFO [0;39m [1;37m[org.springframework.data.repository.config.RepositoryConfigurationDelegate.registerRepositoriesIn:[33m201[0;39m][0;39m - Finished Spring Data repository scanning in 160 ms. Found 2 JPA repository interfaces.
[2022-05-04 14:42:15:4922] [32m[main][0;39m [34mINFO [0;39m [1;37m[org.springframework.boot.web.embedded.tomcat.TomcatWebServer.initialize:[33m108[0;39m][0;39m - Tomcat initialized with port(s): 8080 (http)
[2022-05-04 14:42:15:4940] [32m[main][0;39m [34mINFO [0;39m [1;37m[org.apache.juli.logging.DirectJDKLog.log:[33m173[0;39m][0;39m - Initializing ProtocolHandler ["http-nio-8080"]
[2022-05-04 14:42:15:4941] [32m[main][0;39m [34mINFO [0;39m [1;37m[org.apache.juli.logging.DirectJDKLog.log:[33m173[0;39m][0;39m - Starting service [Tomcat]
[2022-05-04 14:42:15:4941] [32m[main][0;39m [34mINFO [0;39m [1;37m[org.apache.juli.logging.DirectJDKLog.log:[33m173[0;39m][0;39m - Starting Servlet engine: [Apache Tomcat/9.0.48]
[2022-05-04 14:42:15:5065] [32m[main][0;39m [34mINFO [0;39m [1;37m[org.apache.juli.logging.DirectJDKLog.log:[33m173[0;39m][0;39m - Initializing Spring embedded WebApplicationContext
[2022-05-04 14:42:15:5066] [32m[main][0;39m [34mINFO [0;39m [1;37m[org.springframework.boot.web.servlet.context.ServletWebServerApplicationContext.prepareWebApplicationContext:[33m290[0;39m][0;39m - Root WebApplicationContext: initialization completed in 3224 ms
[2022-05-04 14:42:15:5121] [32m[main][0;39m [34mINFO [0;39m [1;37m[com.zaxxer.hikari.HikariDataSource.getConnection:[33m110[0;39m][0;39m - HikariPool-1 - Starting...
[2022-05-04 14:42:16:5523] [32m[main][0;39m [34mINFO [0;39m [1;37m[com.zaxxer.hikari.HikariDataSource.getConnection:[33m123[0;39m][0;39m - HikariPool-1 - Start completed.
[2022-05-04 14:42:16:5531] [32m[main][0;39m [34mINFO [0;39m [1;37m[org.springframework.boot.autoconfigure.h2.H2ConsoleAutoConfiguration.lambda$h2Console$0:[33m68[0;39m][0;39m - H2 console available at '/h2-console'. Database available at 'jdbc:h2:mem:localdb'
[2022-05-04 14:42:16:5913] [32m[main][0;39m [34mINFO [0;39m [1;37m[org.hibernate.jpa.internal.util.LogHelper.logPersistenceUnitInformation:[33m31[0;39m][0;39m - HHH000204: Processing PersistenceUnitInfo [name: default]
[2022-05-04 14:42:16:6014] [32m[main][0;39m [34mINFO [0;39m [1;37m[org.hibernate.Version.logVersion:[33m44[0;39m][0;39m - HHH000412: Hibernate ORM core version 5.4.32.Final
[2022-05-04 14:42:17:6353] [32m[main][0;39m [34mINFO [0;39m [1;37m[org.hibernate.annotations.common.reflection.java.JavaReflectionManager.<clinit>:[33m56[0;39m][0;39m - HCANN000001: Hibernate Commons Annotations {5.1.2.Final}
[2022-05-04 14:42:17:6642] [32m[main][0;39m [34mINFO [0;39m [1;37m[org.hibernate.dialect.Dialect.<init>:[33m175[0;39m][0;39m - HHH000400: Using dialect: org.hibernate.dialect.H2Dialect
[2022-05-04 14:42:18:7553] [32m[main][0;39m [34mINFO [0;39m [1;37m[org.hibernate.engine.transaction.jta.platform.internal.JtaPlatformInitiator.initiateService:[33m52[0;39m][0;39m - HHH000490: Using JtaPlatform implementation: [org.hibernate.engine.transaction.jta.platform.internal.NoJtaPlatform]
[2022-05-04 14:42:18:7570] [32m[main][0;39m [34mINFO [0;39m [1;37m[org.springframework.orm.jpa.AbstractEntityManagerFactoryBean.buildNativeEntityManagerFactory:[33m437[0;39m][0;39m - Initialized JPA EntityManagerFactory for persistence unit 'default'
[2022-05-04 14:42:19:9282] [32m[main][0;39m [34mINFO [0;39m [1;37m[org.apache.juli.logging.DirectJDKLog.log:[33m173[0;39m][0;39m - Starting ProtocolHandler ["http-nio-8080"]
[2022-05-04 14:42:20:9374] [32m[main][0;39m [34mINFO [0;39m [1;37m[org.springframework.boot.web.embedded.tomcat.TomcatWebServer.start:[33m220[0;39m][0;39m - Tomcat started on port(s): 8080 (http) with context path ''
[2022-05-04 14:42:20:9393] [32m[main][0;39m [34mINFO [0;39m [1;37m[org.springframework.boot.StartupInfoLogger.logStarted:[33m61[0;39m][0;39m - Started Slf4jLogbackLabApplication in 8.902 seconds (JVM running for 9.818)
[2022-05-04 14:42:27:17054] [32m[http-nio-8080-exec-2][0;39m [34mINFO [0;39m [1;37m[org.apache.juli.logging.DirectJDKLog.log:[33m173[0;39m][0;39m - Initializing Spring DispatcherServlet 'dispatcherServlet'
[2022-05-04 14:42:27:17055] [32m[http-nio-8080-exec-2][0;39m [34mINFO [0;39m [1;37m[org.springframework.web.servlet.FrameworkServlet.initServletBean:[33m525[0;39m][0;39m - Initializing Servlet 'dispatcherServlet'
[2022-05-04 14:42:27:17056] [32m[http-nio-8080-exec-2][0;39m [34mINFO [0;39m [1;37m[org.springframework.web.servlet.FrameworkServlet.initServletBean:[33m547[0;39m][0;39m - Completed initialization in 1 ms
[2022-05-04 14:42:37:26433] [32m[SpringApplicationShutdownHook][0;39m [34mINFO [0;39m [1;37m[org.springframework.orm.jpa.AbstractEntityManagerFactoryBean.destroy:[33m651[0;39m][0;39m - Closing JPA EntityManagerFactory for persistence unit 'default'
[2022-05-04 14:42:37:26434] [32m[SpringApplicationShutdownHook][0;39m [34mINFO [0;39m [1;37m[org.hibernate.tool.schema.internal.SchemaDropperImpl$DelayedDropActionImpl.perform:[33m526[0;39m][0;39m - HHH000477: Starting delayed evictData of schema as part of SessionFactory shut-down'
[2022-05-04 14:42:37:26443] [32m[SpringApplicationShutdownHook][0;39m [34mINFO [0;39m [1;37m[com.zaxxer.hikari.HikariDataSource.close:[33m350[0;39m][0;39m - HikariPool-1 - Shutdown initiated...
[2022-05-04 14:42:37:26447] [32m[SpringApplicationShutdownHook][0;39m [34mINFO [0;39m [1;37m[com.zaxxer.hikari.HikariDataSource.close:[33m352[0;39m][0;39m - HikariPool-1 - Shutdown completed.
